Using cached aiohappyeyeballs-2.6.1-py3-none-any.whl (15 kB)
Using cached aiohttp_retry-2.9.1-py3-none-any.whl (10.0 kB)
Using cached aiosignal-1.3.2-py2.py3-none-any.whl (7.6 kB)
Using cached attrs-25.3.0-py3-none-any.whl (63 kB)
Using cached blinker-1.9.0-py3-none-any.whl (8.5 kB)
Using cached cachelib-0.13.0-py3-none-any.whl (20 kB)
Using cached certifi-2025.6.15-py3-none-any.whl (157 kB)
Using cached click-8.2.1-py3-none-any.whl (102 kB)
Using cached dataclasses_json-0.6.7-py3-none-any.whl (28 kB)
Using cached marshmallow-3.26.1-py3-none-any.whl (50 kB)
Using cached typing_inspect-0.9.0-py3-none-any.whl (8.8 kB)
Using cached dnspython-2.7.0-py3-none-any.whl (313 kB)
Using cached frozenlist-1.7.0-cp313-cp313-manylinux_2_5_x86_64.manylinux1_x86_64.manylinux_2_17_x86_64.manylinux2014_x86_64.whl (232 kB)
Using cached greenlet-3.2.3-cp313-cp313-manylinux_2_24_x86_64.manylinux_2_28_x86_64.whl (608 kB)
Using cached itsdangerous-2.2.0-py3-none-any.whl (16 kB)
Using cached jinja2-3.1.6-py3-none-any.whl (134 kB)
Using cached MarkupSafe-3.0.2-cp313-cp313-manylinux_2_17_x86_64.manylinux2014_x86_64.whl (23 kB)
Using cached mypy_extensions-1.1.0-py3-none-any.whl (5.0 kB)
Using cached packaging-25.0-py3-none-any.whl (66 kB)
Using cached propcache-0.3.2-cp313-cp313-manylinux_2_17_x86_64.manylinux2014_x86_64.whl (206 kB)
Using cached pyasn1-0.6.1-py3-none-any.whl (83 kB)
Using cached pyasn1_modules-0.4.2-py3-none-any.whl (181 kB)
Using cached requests_oauthlib-2.0.0-py2.py3-none-any.whl (24 kB)
Using cached requests_toolbelt-1.0.0-py2.py3-none-any.whl (54 kB)
Using cached six-1.17.0-py2.py3-none-any.whl (11 kB)
Using cached typing_extensions-4.14.0-py3-none-any.whl (43 kB)
Using cached werkzeug-3.1.3-py3-none-any.whl (224 kB)
Using cached wtforms-3.2.1-py3-none-any.whl (152 kB)
Installing collected packages: pytz, urllib3, uritemplate, typing-extensions, six, python-dotenv, pyparsing, PyJWT, pyasn1, psycopg2-binary, protobuf, propcache, packaging, oauthlib, mypy-extensions, multidict, MarkupSafe, itsdangerous, idna, greenlet, frozenlist, dnspython, click, charset-normalizer, certifi, cachetools, cachelib, blinker, attrs, aiohappyeyeballs, yarl, wtforms, Werkzeug, typing-inspect, SQLAlchemy, rsa, requests, python-dateutil, pyasn1-modules, proto-plus, marshmallow, Jinja2, httplib2, gunicorn, googleapis-common-protos, email-validator, aiosignal, requests-toolbelt, requests-oauthlib, google-auth, Flask, dataclasses-json, aiohttp, nylas, google-auth-oauthlib, google-auth-httplib2, google-api-core, Flask-WTF, Flask-SQLAlchemy, Flask-Login, Flask-Caching, aiohttp-retry, twilio, google-api-python-client
Successfully installed Flask-3.1.0 Flask-Caching-2.3.1 Flask-Login-0.6.3 Flask-SQLAlchemy-3.1.1 Flask-WTF-1.2.2 Jinja2-3.1.6 MarkupSafe-3.0.2 PyJWT-2.10.1 SQLAlchemy-2.0.38 Werkzeug-3.1.3 aiohappyeyeballs-2.6.1 aiohttp-3.12.13 aiohttp-retry-2.9.1 aiosignal-1.3.2 attrs-25.3.0 blinker-1.9.0 cachelib-0.13.0 cachetools-5.5.2 certifi-2025.6.15 charset-normalizer-3.4.2 click-8.2.1 dataclasses-json-0.6.7 dnspython-2.7.0 email-validator-2.2.0 frozenlist-1.7.0 google-api-core-2.25.1 google-api-python-client-2.162.0 google-auth-2.38.0 google-auth-httplib2-0.2.0 google-auth-oauthlib-1.2.1 googleapis-common-protos-1.70.0 greenlet-3.2.3 gunicorn-23.0.0 httplib2-0.22.0 idna-3.10 itsdangerous-2.2.0 marshmallow-3.26.1 multidict-6.5.0 mypy-extensions-1.1.0 nylas-6.8.0 oauthlib-3.2.2 packaging-25.0 propcache-0.3.2 proto-plus-1.26.1 protobuf-6.31.1 psycopg2-binary-2.9.10 pyasn1-0.6.1 pyasn1-modules-0.4.2 pyparsing-3.2.3 python-dateutil-2.9.0.post0 python-dotenv-1.0.1 pytz-2025.1 requests-2.32.3 requests-oauthlib-2.0.0 requests-toolbelt-1.0.0 rsa-4.9.1 six-1.17.0 twilio-9.4.6 typing-extensions-4.14.0 typing-inspect-0.9.0 uritemplate-4.2.0 urllib3-2.5.0 wtforms-3.2.1 yarl-1.20.1
==> Uploading build...
==> Uploaded in 5.1s. Compression took 1.5s
==> Build successful ðŸŽ‰
==> Deploying...
==> Running 'gunicorn --bind 0.0.0.0:$PORT main:app'
INFO:google_auth:Initializing Google OAuth configuration
[2025-06-21 19:12:15 +0000] [104] [INFO] Starting gunicorn 23.0.0
[2025-06-21 19:12:15 +0000] [104] [INFO] Listening at: http://0.0.0.0:10000 (104)
[2025-06-21 19:12:15 +0000] [104] [INFO] Using worker: sync
[2025-06-21 19:12:16 +0000] [106] [INFO] Booting worker with pid: 106
127.0.0.1 - - [21/Jun/2025:19:12:16 +0000] "HEAD / HTTP/1.1" 302 0 "-" "Go-http-client/1.1"
==> Your service is live ðŸŽ‰
==> 
==> ///////////////////////////////////////////////////////////
==> 
==> Available at your primary URL https://timeblocker.onrender.com
==> 
==> ///////////////////////////////////////////////////////////
127.0.0.1 - - [21/Jun/2025:19:12:21 +0000] "GET / HTTP/1.1" 302 199 "-" "Go-http-client/2.0"
127.0.0.1 - - [21/Jun/2025:19:12:21 +0000] "GET /login HTTP/1.1" 200 3776 "https://timeblocker.onrender.com" "Go-http-client/2.0"
ERROR:app:Error getting backup data: (psycopg2.errors.UndefinedColumn) column priority.order does not exist
LINE 1: ...ly_plan_id, priority.content AS priority_content, priority."...
                                                             ^
[SQL: SELECT priority.id AS priority_id, priority.daily_plan_id AS priority_daily_plan_id, priority.content AS priority_content, priority."order" AS priority_order, priority.completed AS priority_completed 
FROM priority 
WHERE %(param_1)s = priority.daily_plan_id]
[parameters: {'param_1': 7}]
(Background on this error at: https://sqlalche.me/e/20/f405)
127.0.0.1 - - [21/Jun/2025:19:12:42 +0000] "GET /api/daily-plan/backup?date=2025-06-21 HTTP/1.1" 500 54 "https://timeblocker.onrender.com/" "Mozilla/5.0 (Macintosh; Intel Mac OS X 10_15_7) AppleWebKit/537.36 (KHTML, like Gecko) Chrome/136.0.0.0 Safari/537.36"
127.0.0.1 - - [21/Jun/2025:19:12:43 +0000] "POST /api/daily-plan HTTP/1.1" 409 170 "https://timeblocker.onrender.com/" "Mozilla/5.0 (Macintosh; Intel Mac OS X 10_15_7) AppleWebKit/537.36 (KHTML, like Gecko) Chrome/136.0.0.0 Safari/537.36"
ERROR:app:Exception on /api/daily-plan [POST]
Traceback (most recent call last):
  File "/opt/render/project/src/.venv/lib/python3.13/site-packages/sqlalchemy/engine/base.py", line 1964, in _exec_single_context
    self.dialect.do_execute(
    ~~~~~~~~~~~~~~~~~~~~~~~^
        cursor, str_statement, effective_parameters, context
        ^^^^^^^^^^^^^^^^^^^^^^^^^^^^^^^^^^^^^^^^^^^^^^^^^^^^
    )
    ^
  File "/opt/render/project/src/.venv/lib/python3.13/site-packages/sqlalchemy/engine/default.py", line 942, in do_execute
    cursor.execute(statement, parameters)
    ~~~~~~~~~~~~~~^^^^^^^^^^^^^^^^^^^^^^^
psycopg2.errors.UndefinedColumn: column priority.order does not exist
LINE 1: ...ly_plan_id, priority.content AS priority_content, priority."...
                                                             ^
The above exception was the direct cause of the following exception:
Traceback (most recent call last):
  File "/opt/render/project/src/.venv/lib/python3.13/site-packages/flask/app.py", line 1511, in wsgi_app
    response = self.full_dispatch_request()
  File "/opt/render/project/src/.venv/lib/python3.13/site-packages/flask/app.py", line 919, in full_dispatch_request
    rv = self.handle_user_exception(e)
  File "/opt/render/project/src/.venv/lib/python3.13/site-packages/flask/app.py", line 917, in full_dispatch_request
    rv = self.dispatch_request()
  File "/opt/render/project/src/.venv/lib/python3.13/site-packages/flask/app.py", line 902, in dispatch_request
    return self.ensure_sync(self.view_functions[rule.endpoint])(**view_args)  # type: ignore[no-any-return]
           ~~~~~~~~~~~~~~~~~~~~~~~~~~~~~~~~~~~~~~~~~~~~~~~~~~~~^^^^^^^^^^^^^
  File "/opt/render/project/src/.venv/lib/python3.13/site-packages/flask_login/utils.py", line 290, in decorated_view
    return current_app.ensure_sync(func)(*args, **kwargs)
           ~~~~~~~~~~~~~~~~~~~~~~~~~~~~~^^^^^^^^^^^^^^^^^
  File "/opt/render/project/src/app.py", line 757, in save_daily_plan
    existing_priorities = {p.content.strip(): p for p in daily_plan.priorities}
                                                         ^^^^^^^^^^^^^^^^^^^^^
  File "/opt/render/project/src/.venv/lib/python3.13/site-packages/sqlalchemy/orm/attributes.py", line 566, in __get__
    return self.impl.get(state, dict_)  # type: ignore[no-any-return]
           ~~~~~~~~~~~~~^^^^^^^^^^^^^^
  File "/opt/render/project/src/.venv/lib/python3.13/site-packages/sqlalchemy/orm/attributes.py", line 1086, in get
    value = self._fire_loader_callables(state, key, passive)
  File "/opt/render/project/src/.venv/lib/python3.13/site-packages/sqlalchemy/orm/attributes.py", line 1121, in _fire_loader_callables
    return self.callable_(state, passive)
           ~~~~~~~~~~~~~~^^^^^^^^^^^^^^^^
  File "/opt/render/project/src/.venv/lib/python3.13/site-packages/sqlalchemy/orm/strategies.py", line 978, in _load_for_state
    return self._emit_lazyload(
           ~~~~~~~~~~~~~~~~~~~^
        session,
        ^^^^^^^^
    ...<7 lines>...
        execution_options,
        ^^^^^^^^^^^^^^^^^^
    )
    ^
  File "/opt/render/project/src/.venv/lib/python3.13/site-packages/sqlalchemy/orm/strategies.py", line 1141, in _emit_lazyload
    result = session.execute(
        stmt, params, execution_options=execution_options
    )
  File "/opt/render/project/src/.venv/lib/python3.13/site-packages/sqlalchemy/orm/session.py", line 2365, in execute
    return self._execute_internal(
           ~~~~~~~~~~~~~~~~~~~~~~^
        statement,
        ^^^^^^^^^^
    ...<4 lines>...
        _add_event=_add_event,
        ^^^^^^^^^^^^^^^^^^^^^^
    )
    ^
  File "/opt/render/project/src/.venv/lib/python3.13/site-packages/sqlalchemy/orm/session.py", line 2251, in _execute_internal
    result: Result[Any] = compile_state_cls.orm_execute_statement(
                          ~~~~~~~~~~~~~~~~~~~~~~~~~~~~~~~~~~~~~~~^
        self,
        ^^^^^
    ...<4 lines>...
        conn,
        ^^^^^
    )
    ^
  File "/opt/render/project/src/.venv/lib/python3.13/site-packages/sqlalchemy/orm/context.py", line 305, in orm_execute_statement
    result = conn.execute(
        statement, params or {}, execution_options=execution_options
    )
  File "/opt/render/project/src/.venv/lib/python3.13/site-packages/sqlalchemy/engine/base.py", line 1416, in execute
    return meth(
        self,
        distilled_parameters,
        execution_options or NO_OPTIONS,
    )
  File "/opt/render/project/src/.venv/lib/python3.13/site-packages/sqlalchemy/sql/elements.py", line 516, in _execute_on_connection
    return connection._execute_clauseelement(
           ~~~~~~~~~~~~~~~~~~~~~~~~~~~~~~~~~^
        self, distilled_params, execution_options
        ^^^^^^^^^^^^^^^^^^^^^^^^^^^^^^^^^^^^^^^^^
    )
    ^
  File "/opt/render/project/src/.venv/lib/python3.13/site-packages/sqlalchemy/engine/base.py", line 1638, in _execute_clauseelement
    ret = self._execute_context(
        dialect,
    ...<8 lines>...
        cache_hit=cache_hit,
    )
  File "/opt/render/project/src/.venv/lib/python3.13/site-packages/sqlalchemy/engine/base.py", line 1843, in _execute_context
    return self._exec_single_context(
           ~~~~~~~~~~~~~~~~~~~~~~~~~^
        dialect, context, statement, parameters
        ^^^^^^^^^^^^^^^^^^^^^^^^^^^^^^^^^^^^^^^
    )
    ^
  File "/opt/render/project/src/.venv/lib/python3.13/site-packages/sqlalchemy/engine/base.py", line 1983, in _exec_single_context
    self._handle_dbapi_exception(
    ~~~~~~~~~~~~~~~~~~~~~~~~~~~~^
        e, str_statement, effective_parameters, cursor, context
        ^^^^^^^^^^^^^^^^^^^^^^^^^^^^^^^^^^^^^^^^^^^^^^^^^^^^^^^
    )
    ^
  File "/opt/render/project/src/.venv/lib/python3.13/site-packages/sqlalchemy/engine/base.py", line 2352, in _handle_dbapi_exception
    raise sqlalchemy_exception.with_traceback(exc_info[2]) from e
  File "/opt/render/project/src/.venv/lib/python3.13/site-packages/sqlalchemy/engine/base.py", line 1964, in _exec_single_context
    self.dialect.do_execute(
    ~~~~~~~~~~~~~~~~~~~~~~~^
        cursor, str_statement, effective_parameters, context
        ^^^^^^^^^^^^^^^^^^^^^^^^^^^^^^^^^^^^^^^^^^^^^^^^^^^^
    )
    ^
  File "/opt/render/project/src/.venv/lib/python3.13/site-packages/sqlalchemy/engine/default.py", line 942, in do_execute
    cursor.execute(statement, parameters)
    ~~~~~~~~~~~~~~^^^^^^^^^^^^^^^^^^^^^^^
sqlalchemy.exc.ProgrammingError: (psycopg2.errors.UndefinedColumn) column priority.order does not exist
LINE 1: ...ly_plan_id, priority.content AS priority_content, priority."...
                                                             ^
[SQL: SELECT priority.id AS priority_id, priority.daily_plan_id AS priority_daily_plan_id, priority.content AS priority_content, priority."order" AS priority_order, priority.completed AS priority_completed 
FROM priority 
WHERE %(param_1)s = priority.daily_plan_id]
[parameters: {'param_1': 7}]
(Background on this error at: https://sqlalche.me/e/20/f405)
ERROR:app:Request exception: (psycopg2.errors.UndefinedColumn) column priority.order does not exist
LINE 1: ...ly_plan_id, priority.content AS priority_content, priority."...
                                                             ^
[SQL: SELECT priority.id AS priority_id, priority.daily_plan_id AS priority_daily_plan_id, priority.content AS priority_content, priority."order" AS priority_order, priority.completed AS priority_completed 
FROM priority 
WHERE %(param_1)s = priority.daily_plan_id]
[parameters: {'param_1': 7}]
(Background on this error at: https://sqlalche.me/e/20/f405)
127.0.0.1 - - [21/Jun/2025:19:12:45 +0000] "POST /api/daily-plan HTTP/1.1" 500 265 "https://timeblocker.onrender.com/" "Mozilla/5.0 (Macintosh; Intel Mac OS X 10_15_7) AppleWebKit/537.36 (KHTML, like Gecko) Chrome/136.0.0.0 Safari/537.36"
127.0.0.1 - - [21/Jun/2025:19:13:06 +0000] "POST /api/daily-plan HTTP/1.1" 409 170 "https://timeblocker.onrender.com/" "Mozilla/5.0 (Macintosh; Intel Mac OS X 10_15_7) AppleWebKit/537.36 (KHTML, like Gecko) Chrome/136.0.0.0 Safari/537.36"
127.0.0.1 - - [21/Jun/2025:19:13:13 +0000] "POST /api/daily-plan HTTP/1.1" 409 170 "https://timeblocker.onrender.com/" "Mozilla/5.0 (Macintosh; Intel Mac OS X 10_15_7) AppleWebKit/537.36 (KHTML, like Gecko) Chrome/136.0.0.0 Safari/537.36"
127.0.0.1 - - [21/Jun/2025:19:13:15 +0000] "POST /api/daily-plan HTTP/1.1" 409 170 "https://timeblocker.onrender.com/" "Mozilla/5.0 (Macintosh; Intel Mac OS X 10_15_7) AppleWebKit/537.36 (KHTML, like Gecko) Chrome/136.0.0.0 Safari/537.36"
127.0.0.1 - - [21/Jun/2025:19:13:24 +0000] "POST /api/daily-plan HTTP/1.1" 409 170 "https://timeblocker.onrender.com/" "Mozilla/5.0 (Macintosh; Intel Mac OS X 10_15_7) AppleWebKit/537.36 (KHTML, like Gecko) Chrome/136.0.0.0 Safari/537.36"
ERROR:app:Exception on / [GET]
Traceback (most recent call last):
  File "/opt/render/project/src/.venv/lib/python3.13/site-packages/sqlalchemy/engine/base.py", line 1964, in _exec_single_context
    self.dialect.do_execute(
    ~~~~~~~~~~~~~~~~~~~~~~~^
        cursor, str_statement, effective_parameters, context
        ^^^^^^^^^^^^^^^^^^^^^^^^^^^^^^^^^^^^^^^^^^^^^^^^^^^^
    )
    ^
  File "/opt/render/project/src/.venv/lib/python3.13/site-packages/sqlalchemy/engine/default.py", line 942, in do_execute
    cursor.execute(statement, parameters)
    ~~~~~~~~~~~~~~^^^^^^^^^^^^^^^^^^^^^^^
psycopg2.errors.UndefinedColumn: column priority.order does not exist
LINE 1: ...ly_plan_id, priority.content AS priority_content, priority."...
                                                             ^
The above exception was the direct cause of the following exception:
Traceback (most recent call last):
  File "/opt/render/project/src/.venv/lib/python3.13/site-packages/flask/app.py", line 1511, in wsgi_app
    response = self.full_dispatch_request()
  File "/opt/render/project/src/.venv/lib/python3.13/site-packages/flask/app.py", line 919, in full_dispatch_request
    rv = self.handle_user_exception(e)
  File "/opt/render/project/src/.venv/lib/python3.13/site-packages/flask/app.py", line 917, in full_dispatch_request
    rv = self.dispatch_request()
  File "/opt/render/project/src/.venv/lib/python3.13/site-packages/flask/app.py", line 902, in dispatch_request
    return self.ensure_sync(self.view_functions[rule.endpoint])(**view_args)  # type: ignore[no-any-return]
           ~~~~~~~~~~~~~~~~~~~~~~~~~~~~~~~~~~~~~~~~~~~~~~~~~~~~^^^^^^^^^^^^^
  File "/opt/render/project/src/app.py", line 172, in index
    } for p in daily_plan.priorities]
               ^^^^^^^^^^^^^^^^^^^^^
  File "/opt/render/project/src/.venv/lib/python3.13/site-packages/sqlalchemy/orm/attributes.py", line 566, in __get__
    return self.impl.get(state, dict_)  # type: ignore[no-any-return]
           ~~~~~~~~~~~~~^^^^^^^^^^^^^^
  File "/opt/render/project/src/.venv/lib/python3.13/site-packages/sqlalchemy/orm/attributes.py", line 1086, in get
    value = self._fire_loader_callables(state, key, passive)
  File "/opt/render/project/src/.venv/lib/python3.13/site-packages/sqlalchemy/orm/attributes.py", line 1121, in _fire_loader_callables
    return self.callable_(state, passive)
           ~~~~~~~~~~~~~~^^^^^^^^^^^^^^^^
  File "/opt/render/project/src/.venv/lib/python3.13/site-packages/sqlalchemy/orm/strategies.py", line 978, in _load_for_state
    return self._emit_lazyload(
           ~~~~~~~~~~~~~~~~~~~^
        session,
        ^^^^^^^^
    ...<7 lines>...
        execution_options,
        ^^^^^^^^^^^^^^^^^^
    )
    ^
  File "/opt/render/project/src/.venv/lib/python3.13/site-packages/sqlalchemy/orm/strategies.py", line 1141, in _emit_lazyload
    result = session.execute(
        stmt, params, execution_options=execution_options
    )
  File "/opt/render/project/src/.venv/lib/python3.13/site-packages/sqlalchemy/orm/session.py", line 2365, in execute
    return self._execute_internal(
           ~~~~~~~~~~~~~~~~~~~~~~^
        statement,
        ^^^^^^^^^^
    ...<4 lines>...
        _add_event=_add_event,
        ^^^^^^^^^^^^^^^^^^^^^^
    )
    ^
  File "/opt/render/project/src/.venv/lib/python3.13/site-packages/sqlalchemy/orm/session.py", line 2251, in _execute_internal
    result: Result[Any] = compile_state_cls.orm_execute_statement(
                          ~~~~~~~~~~~~~~~~~~~~~~~~~~~~~~~~~~~~~~~^
        self,
        ^^^^^
    ...<4 lines>...
        conn,
        ^^^^^
    )
    ^
  File "/opt/render/project/src/.venv/lib/python3.13/site-packages/sqlalchemy/orm/context.py", line 305, in orm_execute_statement
    result = conn.execute(
        statement, params or {}, execution_options=execution_options
    )
  File "/opt/render/project/src/.venv/lib/python3.13/site-packages/sqlalchemy/engine/base.py", line 1416, in execute
    return meth(
        self,
        distilled_parameters,
        execution_options or NO_OPTIONS,
    )
  File "/opt/render/project/src/.venv/lib/python3.13/site-packages/sqlalchemy/sql/elements.py", line 516, in _execute_on_connection
    return connection._execute_clauseelement(
           ~~~~~~~~~~~~~~~~~~~~~~~~~~~~~~~~~^
        self, distilled_params, execution_options
        ^^^^^^^^^^^^^^^^^^^^^^^^^^^^^^^^^^^^^^^^^
    )
    ^
  File "/opt/render/project/src/.venv/lib/python3.13/site-packages/sqlalchemy/engine/base.py", line 1638, in _execute_clauseelement
    ret = self._execute_context(
        dialect,
    ...<8 lines>...
        cache_hit=cache_hit,
    )
  File "/opt/render/project/src/.venv/lib/python3.13/site-packages/sqlalchemy/engine/base.py", line 1843, in _execute_context
    return self._exec_single_context(
           ~~~~~~~~~~~~~~~~~~~~~~~~~^
        dialect, context, statement, parameters
        ^^^^^^^^^^^^^^^^^^^^^^^^^^^^^^^^^^^^^^^
    )
    ^
  File "/opt/render/project/src/.venv/lib/python3.13/site-packages/sqlalchemy/engine/base.py", line 1983, in _exec_single_context
    self._handle_dbapi_exception(
    ~~~~~~~~~~~~~~~~~~~~~~~~~~~~^
        e, str_statement, effective_parameters, cursor, context
        ^^^^^^^^^^^^^^^^^^^^^^^^^^^^^^^^^^^^^^^^^^^^^^^^^^^^^^^
    )
    ^
  File "/opt/render/project/src/.venv/lib/python3.13/site-packages/sqlalchemy/engine/base.py", line 2352, in _handle_dbapi_exception
    raise sqlalchemy_exception.with_traceback(exc_info[2]) from e
  File "/opt/render/project/src/.venv/lib/python3.13/site-packages/sqlalchemy/engine/base.py", line 1964, in _exec_single_context
    self.dialect.do_execute(
    ~~~~~~~~~~~~~~~~~~~~~~~^
        cursor, str_statement, effective_parameters, context
        ^^^^^^^^^^^^^^^^^^^^^^^^^^^^^^^^^^^^^^^^^^^^^^^^^^^^
    )
    ^
  File "/opt/render/project/src/.venv/lib/python3.13/site-packages/sqlalchemy/engine/default.py", line 942, in do_execute
    cursor.execute(statement, parameters)
    ~~~~~~~~~~~~~~^^^^^^^^^^^^^^^^^^^^^^^
sqlalchemy.exc.ProgrammingError: (psycopg2.errors.UndefinedColumn) column priority.order does not exist
LINE 1: ...ly_plan_id, priority.content AS priority_content, priority."...
                                                             ^
[SQL: SELECT priority.id AS priority_id, priority.daily_plan_id AS priority_daily_plan_id, priority.content AS priority_content, priority."order" AS priority_order, priority.completed AS priority_completed 
FROM priority 
WHERE %(param_1)s = priority.daily_plan_id]
[parameters: {'param_1': 7}]
(Background on this error at: https://sqlalche.me/e/20/f405)
ERROR:app:Request exception: (psycopg2.errors.UndefinedColumn) column priority.order does not exist
LINE 1: ...ly_plan_id, priority.content AS priority_content, priority."...
                                                             ^
[SQL: SELECT priority.id AS priority_id, priority.daily_plan_id AS priority_daily_plan_id, priority.content AS priority_content, priority."order" AS priority_order, priority.completed AS priority_completed 
FROM priority 
WHERE %(param_1)s = priority.daily_plan_id]
[parameters: {'param_1': 7}]
(Background on this error at: https://sqlalche.me/e/20/f405)
127.0.0.1 - - [21/Jun/2025:19:13:25 +0000] "GET / HTTP/1.1" 500 265 "https://timeblocker.onrender.com/summary" "Mozilla/5.0 (Macintosh; Intel Mac OS X 10_15_7) AppleWebKit/537.36 (KHTML, like Gecko) Chrome/136.0.0.0 Safari/537.36"
ERROR:app:Exception on / [GET]
Traceback (most recent call last):
  File "/opt/render/project/src/.venv/lib/python3.13/site-packages/sqlalchemy/engine/base.py", line 1964, in _exec_single_context
    self.dialect.do_execute(
    ~~~~~~~~~~~~~~~~~~~~~~~^
        cursor, str_statement, effective_parameters, context
        ^^^^^^^^^^^^^^^^^^^^^^^^^^^^^^^^^^^^^^^^^^^^^^^^^^^^
    )
    ^
  File "/opt/render/project/src/.venv/lib/python3.13/site-packages/sqlalchemy/engine/default.py", line 942, in do_execute
    cursor.execute(statement, parameters)
    ~~~~~~~~~~~~~~^^^^^^^^^^^^^^^^^^^^^^^
psycopg2.errors.UndefinedColumn: column priority.order does not exist
LINE 1: ...ly_plan_id, priority.content AS priority_content, priority."...
                                                             ^
The above exception was the direct cause of the following exception:
Traceback (most recent call last):
  File "/opt/render/project/src/.venv/lib/python3.13/site-packages/flask/app.py", line 1511, in wsgi_app
    response = self.full_dispatch_request()
  File "/opt/render/project/src/.venv/lib/python3.13/site-packages/flask/app.py", line 919, in full_dispatch_request
    rv = self.handle_user_exception(e)
  File "/opt/render/project/src/.venv/lib/python3.13/site-packages/flask/app.py", line 917, in full_dispatch_request
    rv = self.dispatch_request()
  File "/opt/render/project/src/.venv/lib/python3.13/site-packages/flask/app.py", line 902, in dispatch_request
    return self.ensure_sync(self.view_functions[rule.endpoint])(**view_args)  # type: ignore[no-any-return]
           ~~~~~~~~~~~~~~~~~~~~~~~~~~~~~~~~~~~~~~~~~~~~~~~~~~~~^^^^^^^^^^^^^
  File "/opt/render/project/src/app.py", line 172, in index
    } for p in daily_plan.priorities]
               ^^^^^^^^^^^^^^^^^^^^^
  File "/opt/render/project/src/.venv/lib/python3.13/site-packages/sqlalchemy/orm/attributes.py", line 566, in __get__
    return self.impl.get(state, dict_)  # type: ignore[no-any-return]
           ~~~~~~~~~~~~~^^^^^^^^^^^^^^
  File "/opt/render/project/src/.venv/lib/python3.13/site-packages/sqlalchemy/orm/attributes.py", line 1086, in get
    value = self._fire_loader_callables(state, key, passive)
  File "/opt/render/project/src/.venv/lib/python3.13/site-packages/sqlalchemy/orm/attributes.py", line 1121, in _fire_loader_callables
    return self.callable_(state, passive)
           ~~~~~~~~~~~~~~^^^^^^^^^^^^^^^^
  File "/opt/render/project/src/.venv/lib/python3.13/site-packages/sqlalchemy/orm/strategies.py", line 978, in _load_for_state
    return self._emit_lazyload(
           ~~~~~~~~~~~~~~~~~~~^
        session,
        ^^^^^^^^
    ...<7 lines>...
        execution_options,
        ^^^^^^^^^^^^^^^^^^
    )
    ^
  File "/opt/render/project/src/.venv/lib/python3.13/site-packages/sqlalchemy/orm/strategies.py", line 1141, in _emit_lazyload
    result = session.execute(
        stmt, params, execution_options=execution_options
    )
  File "/opt/render/project/src/.venv/lib/python3.13/site-packages/sqlalchemy/orm/session.py", line 2365, in execute
    return self._execute_internal(
           ~~~~~~~~~~~~~~~~~~~~~~^
        statement,
        ^^^^^^^^^^
    ...<4 lines>...
        _add_event=_add_event,
        ^^^^^^^^^^^^^^^^^^^^^^
    )
    ^
  File "/opt/render/project/src/.venv/lib/python3.13/site-packages/sqlalchemy/orm/session.py", line 2251, in _execute_internal
    result: Result[Any] = compile_state_cls.orm_execute_statement(
                          ~~~~~~~~~~~~~~~~~~~~~~~~~~~~~~~~~~~~~~~^
        self,
        ^^^^^
    ...<4 lines>...
        conn,
        ^^^^^
    )
    ^
  File "/opt/render/project/src/.venv/lib/python3.13/site-packages/sqlalchemy/orm/context.py", line 305, in orm_execute_statement
    result = conn.execute(
        statement, params or {}, execution_options=execution_options
    )
  File "/opt/render/project/src/.venv/lib/python3.13/site-packages/sqlalchemy/engine/base.py", line 1416, in execute
    return meth(
        self,
        distilled_parameters,
        execution_options or NO_OPTIONS,
    )
  File "/opt/render/project/src/.venv/lib/python3.13/site-packages/sqlalchemy/sql/elements.py", line 516, in _execute_on_connection
    return connection._execute_clauseelement(
           ~~~~~~~~~~~~~~~~~~~~~~~~~~~~~~~~~^
        self, distilled_params, execution_options
        ^^^^^^^^^^^^^^^^^^^^^^^^^^^^^^^^^^^^^^^^^
    )
    ^
  File "/opt/render/project/src/.venv/lib/python3.13/site-packages/sqlalchemy/engine/base.py", line 1638, in _execute_clauseelement
    ret = self._execute_context(
        dialect,
    ...<8 lines>...
        cache_hit=cache_hit,
    )
  File "/opt/render/project/src/.venv/lib/python3.13/site-packages/sqlalchemy/engine/base.py", line 1843, in _execute_context
    return self._exec_single_context(
           ~~~~~~~~~~~~~~~~~~~~~~~~~^
        dialect, context, statement, parameters
        ^^^^^^^^^^^^^^^^^^^^^^^^^^^^^^^^^^^^^^^
    )
    ^
  File "/opt/render/project/src/.venv/lib/python3.13/site-packages/sqlalchemy/engine/base.py", line 1983, in _exec_single_context
    self._handle_dbapi_exception(
    ~~~~~~~~~~~~~~~~~~~~~~~~~~~~^
        e, str_statement, effective_parameters, cursor, context
        ^^^^^^^^^^^^^^^^^^^^^^^^^^^^^^^^^^^^^^^^^^^^^^^^^^^^^^^
    )
    ^
  File "/opt/render/project/src/.venv/lib/python3.13/site-packages/sqlalchemy/engine/base.py", line 2352, in _handle_dbapi_exception
    raise sqlalchemy_exception.with_traceback(exc_info[2]) from e
  File "/opt/render/project/src/.venv/lib/python3.13/site-packages/sqlalchemy/engine/base.py", line 1964, in _exec_single_context
    self.dialect.do_execute(
    ~~~~~~~~~~~~~~~~~~~~~~~^
        cursor, str_statement, effective_parameters, context
        ^^^^^^^^^^^^^^^^^^^^^^^^^^^^^^^^^^^^^^^^^^^^^^^^^^^^
    )
    ^
  File "/opt/render/project/src/.venv/lib/python3.13/site-packages/sqlalchemy/engine/default.py", line 942, in do_execute
    cursor.execute(statement, parameters)
    ~~~~~~~~~~~~~~^^^^^^^^^^^^^^^^^^^^^^^
sqlalchemy.exc.ProgrammingError: (psycopg2.errors.UndefinedColumn) column priority.order does not exist
LINE 1: ...ly_plan_id, priority.content AS priority_content, priority."...
                                                             ^
[SQL: SELECT priority.id AS priority_id, priority.daily_plan_id AS priority_daily_plan_id, priority.content AS priority_content, priority."order" AS priority_order, priority.completed AS priority_completed 
FROM priority 
WHERE %(param_1)s = priority.daily_plan_id]
[parameters: {'param_1': 7}]
(Background on this error at: https://sqlalche.me/e/20/f405)
ERROR:app:Request exception: (psycopg2.errors.UndefinedColumn) column priority.order does not exist
LINE 1: ...ly_plan_id, priority.content AS priority_content, priority."...
                                                             ^
[SQL: SELECT priority.id AS priority_id, priority.daily_plan_id AS priority_daily_plan_id, priority.content AS priority_content, priority."order" AS priority_order, priority.completed AS priority_completed 
FROM priority 
WHERE %(param_1)s = priority.daily_plan_id]
[parameters: {'param_1': 7}]
(Background on this error at: https://sqlalche.me/e/20/f405)
127.0.0.1 - - [21/Jun/2025:19:13:28 +0000] "GET / HTTP/1.1" 500 265 "https://timeblocker.onrender.com/summary" "Mozilla/5.0 (Macintosh; Intel Mac OS X 10_15_7) AppleWebKit/537.36 (KHTML, like Gecko) Chrome/136.0.0.0 Safari/537.36"